2024-03-30 00:04:08,082 [Worker-9: Loading available Gradle versions] INFO  o.e.b.c.i.u.g.PublishedGradleVersions - Gradle version information cache is out-of-date. Trying to update.
2024-03-30 00:05:15,606 [Worker-3: Creating project "mockito_example"] INFO  o.e.m.c.i.e.AbstractTransferListenerAdapter - Downloading https://repo.maven.apache.org/maven2/org/apache/maven/plugins/maven-surefire-plugin/3.2.2/maven-surefire-plugin-3.2.2.jar
2024-03-30 00:05:15,669 [Worker-3: Creating project "mockito_example"] INFO  o.e.m.c.i.e.AbstractTransferListenerAdapter - Downloaded https://repo.maven.apache.org/maven2/org/apache/maven/plugins/maven-surefire-plugin/3.2.2/maven-surefire-plugin-3.2.2.jar
2024-03-30 00:05:16,442 [Worker-3: Creating project "mockito_example"] INFO  o.e.m.c.i.l.LifecycleMappingFactory - Using org.eclipse.m2e.jdt.JarLifecycleMapping lifecycle mapping for MavenProject: com.app.lokesh:mockito_example:1.0-SNAPSHOT @ E:\sts_workspace\mockito_tool\mockito_example\pom.xml.
2024-03-30 00:05:16,601 [Worker-3: Creating project "mockito_example"] INFO  o.e.m.c.i.e.AbstractTransferListenerAdapter - Downloading https://repo.maven.apache.org/maven2/org/apache/maven/plugins/maven-surefire-plugin/3.2.2/maven-surefire-plugin-3.2.2.pom
2024-03-30 00:05:16,604 [Worker-3: Creating project "mockito_example"] INFO  o.e.m.c.i.e.AbstractTransferListenerAdapter - Downloaded https://repo.maven.apache.org/maven2/org/apache/maven/plugins/maven-surefire-plugin/3.2.2/maven-surefire-plugin-3.2.2.pom
2024-03-30 00:05:16,670 [Worker-3: Creating project "mockito_example"] INFO  o.e.m.c.i.e.AbstractTransferListenerAdapter - Downloading https://repo.maven.apache.org/maven2/org/apache/maven/surefire/surefire/3.2.2/surefire-3.2.2.pom
2024-03-30 00:05:16,679 [Worker-3: Creating project "mockito_example"] INFO  o.e.m.c.i.e.AbstractTransferListenerAdapter - Downloaded https://repo.maven.apache.org/maven2/org/apache/maven/surefire/surefire/3.2.2/surefire-3.2.2.pom
2024-03-30 00:05:17,020 [Worker-3: Creating project "mockito_example"] INFO  o.e.m.j.i.AbstractJavaProjectConfigurator - Adding source folder /mockito_example/src/main/java
2024-03-30 00:05:17,023 [Worker-3: Creating project "mockito_example"] INFO  o.e.m.j.i.AbstractJavaProjectConfigurator - Adding resource folder /mockito_example/src/main/resources
2024-03-30 00:05:17,024 [Worker-3: Creating project "mockito_example"] INFO  o.e.m.j.i.AbstractJavaProjectConfigurator - Adding source folder /mockito_example/src/test/java
2024-03-30 00:05:17,024 [Worker-3: Creating project "mockito_example"] INFO  o.e.m.j.i.AbstractJavaProjectConfigurator - Adding resource folder /mockito_example/src/test/resources
2024-03-30 00:05:17,026 [Worker-3: Creating project "mockito_example"] ERROR o.e.m.j.i.AbstractJavaProjectConfigurator - Failed to find a compatible VM for environment id 'JavaSE-1.8', falling back to workspace default
2024-03-30 00:05:17,623 [Worker-8: Building] WARN  o.a.m.s.f.DefaultMavenResourcesFiltering - Using platform encoding (UTF-8 actually) to copy filtered resources, i.e. build is platform dependent!
2024-03-30 00:05:17,629 [Worker-8: Building] INFO  o.a.m.s.f.DefaultMavenResourcesFiltering - Copying 0 resource from src\main\resources to target\classes
2024-03-30 00:05:17,633 [Worker-8: Building] WARN  o.a.m.s.f.DefaultMavenResourcesFiltering - Using platform encoding (UTF-8 actually) to copy filtered resources, i.e. build is platform dependent!
2024-03-30 00:05:17,634 [Worker-8: Building] INFO  o.a.m.s.f.DefaultMavenResourcesFiltering - Copying 0 resource from src\test\resources to target\test-classes
2024-03-30 00:06:53,448 [Worker-12: Building] INFO  o.e.m.c.i.l.LifecycleMappingFactory - Using org.eclipse.m2e.jdt.JarLifecycleMapping lifecycle mapping for MavenProject: com.app.lokesh:mockito_example:1.0-SNAPSHOT @ E:\sts_workspace\mockito_tool\mockito_example\pom.xml.
2024-03-30 00:06:53,680 [Worker-12: Building] INFO  o.e.m.c.i.e.AbstractTransferListenerAdapter - Downloading https://repo.maven.apache.org/maven2/org/mockito/mockito-core/3.12.4/mockito-core-3.12.4.pom
2024-03-30 00:06:53,688 [Worker-12: Building] INFO  o.e.m.c.i.e.AbstractTransferListenerAdapter - Downloaded https://repo.maven.apache.org/maven2/org/mockito/mockito-core/3.12.4/mockito-core-3.12.4.pom
2024-03-30 00:06:53,746 [Worker-12: Building] INFO  o.e.m.c.i.e.AbstractTransferListenerAdapter - Downloading https://repo.maven.apache.org/maven2/net/bytebuddy/byte-buddy/1.11.13/byte-buddy-1.11.13.pom
2024-03-30 00:06:53,755 [Worker-12: Building] INFO  o.e.m.c.i.e.AbstractTransferListenerAdapter - Downloaded https://repo.maven.apache.org/maven2/net/bytebuddy/byte-buddy/1.11.13/byte-buddy-1.11.13.pom
2024-03-30 00:06:53,852 [Worker-12: Building] INFO  o.e.m.c.i.e.AbstractTransferListenerAdapter - Downloading https://repo.maven.apache.org/maven2/net/bytebuddy/byte-buddy-parent/1.11.13/byte-buddy-parent-1.11.13.pom
2024-03-30 00:06:53,926 [Worker-12: Building] INFO  o.e.m.c.i.e.AbstractTransferListenerAdapter - Downloaded https://repo.maven.apache.org/maven2/net/bytebuddy/byte-buddy-parent/1.11.13/byte-buddy-parent-1.11.13.pom
2024-03-30 00:06:54,014 [Worker-12: Building] INFO  o.e.m.c.i.e.AbstractTransferListenerAdapter - Downloading https://repo.maven.apache.org/maven2/net/bytebuddy/byte-buddy-agent/1.11.13/byte-buddy-agent-1.11.13.pom
2024-03-30 00:06:54,017 [Worker-12: Building] INFO  o.e.m.c.i.e.AbstractTransferListenerAdapter - Downloaded https://repo.maven.apache.org/maven2/net/bytebuddy/byte-buddy-agent/1.11.13/byte-buddy-agent-1.11.13.pom
2024-03-30 00:06:54,082 [Worker-12: Building] INFO  o.e.m.c.i.e.AbstractTransferListenerAdapter - Downloading https://repo.maven.apache.org/maven2/org/objenesis/objenesis/3.2/objenesis-3.2.pom
2024-03-30 00:06:54,096 [Worker-12: Building] INFO  o.e.m.c.i.e.AbstractTransferListenerAdapter - Downloaded https://repo.maven.apache.org/maven2/org/objenesis/objenesis/3.2/objenesis-3.2.pom
2024-03-30 00:06:54,173 [Worker-12: Building] INFO  o.e.m.c.i.e.AbstractTransferListenerAdapter - Downloading https://repo.maven.apache.org/maven2/org/objenesis/objenesis-parent/3.2/objenesis-parent-3.2.pom
2024-03-30 00:06:54,192 [Worker-12: Building] INFO  o.e.m.c.i.e.AbstractTransferListenerAdapter - Downloaded https://repo.maven.apache.org/maven2/org/objenesis/objenesis-parent/3.2/objenesis-parent-3.2.pom
2024-03-30 00:06:54,256 [Worker-12: Building] INFO  o.e.m.c.i.e.AbstractTransferListenerAdapter - Downloading https://repo.maven.apache.org/maven2/org/junit/jupiter/junit-jupiter-api/5.8.1/junit-jupiter-api-5.8.1.pom
2024-03-30 00:06:54,264 [Worker-12: Building] INFO  o.e.m.c.i.e.AbstractTransferListenerAdapter - Downloaded https://repo.maven.apache.org/maven2/org/junit/jupiter/junit-jupiter-api/5.8.1/junit-jupiter-api-5.8.1.pom
2024-03-30 00:06:54,327 [Worker-12: Building] INFO  o.e.m.c.i.e.AbstractTransferListenerAdapter - Downloading https://repo.maven.apache.org/maven2/org/junit/junit-bom/5.8.1/junit-bom-5.8.1.pom
2024-03-30 00:06:54,337 [Worker-12: Building] INFO  o.e.m.c.i.e.AbstractTransferListenerAdapter - Downloaded https://repo.maven.apache.org/maven2/org/junit/junit-bom/5.8.1/junit-bom-5.8.1.pom
2024-03-30 00:06:54,402 [Worker-12: Building] INFO  o.e.m.c.i.e.AbstractTransferListenerAdapter - Downloading https://repo.maven.apache.org/maven2/org/opentest4j/opentest4j/1.2.0/opentest4j-1.2.0.pom
2024-03-30 00:06:54,405 [Worker-12: Building] INFO  o.e.m.c.i.e.AbstractTransferListenerAdapter - Downloaded https://repo.maven.apache.org/maven2/org/opentest4j/opentest4j/1.2.0/opentest4j-1.2.0.pom
2024-03-30 00:06:54,467 [Worker-12: Building] INFO  o.e.m.c.i.e.AbstractTransferListenerAdapter - Downloading https://repo.maven.apache.org/maven2/org/junit/platform/junit-platform-commons/1.8.1/junit-platform-commons-1.8.1.pom
2024-03-30 00:06:54,476 [Worker-12: Building] INFO  o.e.m.c.i.e.AbstractTransferListenerAdapter - Downloaded https://repo.maven.apache.org/maven2/org/junit/platform/junit-platform-commons/1.8.1/junit-platform-commons-1.8.1.pom
2024-03-30 00:06:54,542 [Worker-12: Building] INFO  o.e.m.c.i.e.AbstractTransferListenerAdapter - Downloading https://repo.maven.apache.org/maven2/org/mockito/mockito-core/3.12.4/mockito-core-3.12.4.jar
2024-03-30 00:06:54,914 [Worker-12: Building] INFO  o.e.m.c.i.e.AbstractTransferListenerAdapter - Downloaded https://repo.maven.apache.org/maven2/org/mockito/mockito-core/3.12.4/mockito-core-3.12.4.jar
2024-03-30 00:06:54,974 [BasicRepositoryConnector-repo.maven.apache.org-0-1] INFO  o.e.m.c.i.e.AbstractTransferListenerAdapter - Downloading https://repo.maven.apache.org/maven2/net/bytebuddy/byte-buddy-agent/1.11.13/byte-buddy-agent-1.11.13.jar
2024-03-30 00:06:55,073 [BasicRepositoryConnector-repo.maven.apache.org-0-1] INFO  o.e.m.c.i.e.AbstractTransferListenerAdapter - Downloaded https://repo.maven.apache.org/maven2/net/bytebuddy/byte-buddy-agent/1.11.13/byte-buddy-agent-1.11.13.jar
2024-03-30 00:06:55,133 [BasicRepositoryConnector-repo.maven.apache.org-0-4] INFO  o.e.m.c.i.e.AbstractTransferListenerAdapter - Downloading https://repo.maven.apache.org/maven2/org/opentest4j/opentest4j/1.2.0/opentest4j-1.2.0.jar
2024-03-30 00:06:55,134 [BasicRepositoryConnector-repo.maven.apache.org-0-2] INFO  o.e.m.c.i.e.AbstractTransferListenerAdapter - Downloading https://repo.maven.apache.org/maven2/org/objenesis/objenesis/3.2/objenesis-3.2.jar
2024-03-30 00:06:55,136 [BasicRepositoryConnector-repo.maven.apache.org-0-4] INFO  o.e.m.c.i.e.AbstractTransferListenerAdapter - Downloaded https://repo.maven.apache.org/maven2/org/opentest4j/opentest4j/1.2.0/opentest4j-1.2.0.jar
2024-03-30 00:06:55,141 [BasicRepositoryConnector-repo.maven.apache.org-0-1] INFO  o.e.m.c.i.e.AbstractTransferListenerAdapter - Downloading https://repo.maven.apache.org/maven2/org/junit/platform/junit-platform-commons/1.8.1/junit-platform-commons-1.8.1.jar
2024-03-30 00:06:55,142 [BasicRepositoryConnector-repo.maven.apache.org-0-3] INFO  o.e.m.c.i.e.AbstractTransferListenerAdapter - Downloading https://repo.maven.apache.org/maven2/org/junit/jupiter/junit-jupiter-api/5.8.1/junit-jupiter-api-5.8.1.jar
2024-03-30 00:06:55,144 [BasicRepositoryConnector-repo.maven.apache.org-0-0] INFO  o.e.m.c.i.e.AbstractTransferListenerAdapter - Downloading https://repo.maven.apache.org/maven2/net/bytebuddy/byte-buddy/1.11.13/byte-buddy-1.11.13.jar
2024-03-30 00:06:55,197 [BasicRepositoryConnector-repo.maven.apache.org-0-1] INFO  o.e.m.c.i.e.AbstractTransferListenerAdapter - Downloaded https://repo.maven.apache.org/maven2/org/junit/platform/junit-platform-commons/1.8.1/junit-platform-commons-1.8.1.jar
2024-03-30 00:06:55,198 [BasicRepositoryConnector-repo.maven.apache.org-0-2] INFO  o.e.m.c.i.e.AbstractTransferListenerAdapter - Downloaded https://repo.maven.apache.org/maven2/org/objenesis/objenesis/3.2/objenesis-3.2.jar
2024-03-30 00:06:55,288 [BasicRepositoryConnector-repo.maven.apache.org-0-3] INFO  o.e.m.c.i.e.AbstractTransferListenerAdapter - Downloaded https://repo.maven.apache.org/maven2/org/junit/jupiter/junit-jupiter-api/5.8.1/junit-jupiter-api-5.8.1.jar
2024-03-30 00:06:55,307 [BasicRepositoryConnector-repo.maven.apache.org-0-0] INFO  o.e.m.c.i.e.AbstractTransferListenerAdapter - Downloaded https://repo.maven.apache.org/maven2/net/bytebuddy/byte-buddy/1.11.13/byte-buddy-1.11.13.jar
2024-03-30 00:06:55,418 [Worker-12: Building] WARN  o.a.m.s.f.DefaultMavenResourcesFiltering - Using platform encoding (UTF-8 actually) to copy filtered resources, i.e. build is platform dependent!
2024-03-30 00:06:55,419 [Worker-12: Building] INFO  o.a.m.s.f.DefaultMavenResourcesFiltering - Copying 0 resource from src\main\resources to target\classes
2024-03-30 00:06:55,422 [Worker-12: Building] WARN  o.a.m.s.f.DefaultMavenResourcesFiltering - Using platform encoding (UTF-8 actually) to copy filtered resources, i.e. build is platform dependent!
2024-03-30 00:06:55,423 [Worker-12: Building] INFO  o.a.m.s.f.DefaultMavenResourcesFiltering - Copying 0 resource from src\test\resources to target\test-classes
2024-03-30 00:06:56,683 [Worker-12: Download sources and javadoc] INFO  o.e.m.c.i.e.AbstractTransferListenerAdapter - Downloading https://repo.maven.apache.org/maven2/org/mockito/mockito-core/3.12.4/mockito-core-3.12.4-sources.jar
2024-03-30 00:06:56,945 [Worker-12: Download sources and javadoc] INFO  o.e.m.c.i.e.AbstractTransferListenerAdapter - Downloaded https://repo.maven.apache.org/maven2/org/mockito/mockito-core/3.12.4/mockito-core-3.12.4-sources.jar
2024-03-30 00:06:56,947 [Worker-12: Download sources and javadoc] INFO  o.e.m.j.internal.DownloadSourcesJob - Downloaded sources for org.mockito:mockito-core:3.12.4
2024-03-30 00:06:57,212 [Worker-12: Download sources and javadoc] INFO  o.e.m.c.i.e.AbstractTransferListenerAdapter - Downloading https://repo.maven.apache.org/maven2/net/bytebuddy/byte-buddy/1.11.13/byte-buddy-1.11.13-sources.jar
2024-03-30 00:06:57,513 [Worker-12: Download sources and javadoc] INFO  o.e.m.c.i.e.AbstractTransferListenerAdapter - Downloaded https://repo.maven.apache.org/maven2/net/bytebuddy/byte-buddy/1.11.13/byte-buddy-1.11.13-sources.jar
2024-03-30 00:06:57,515 [Worker-12: Download sources and javadoc] ERROR o.e.m.j.internal.DownloadSourcesJob - Could not download sources for net.bytebuddy:byte-buddy:1.11.13
org.eclipse.core.runtime.CoreException: Could not resolve artifact net.bytebuddy:byte-buddy:jar:sources:1.11.13
	at org.eclipse.m2e.core.internal.embedder.MavenImpl.lambda$7(MavenImpl.java:540)
	at org.eclipse.m2e.core.internal.embedder.MavenExecutionContext.executeBare(MavenExecutionContext.java:458)
	at org.eclipse.m2e.core.internal.embedder.MavenExecutionContext.execute(MavenExecutionContext.java:292)
	at org.eclipse.m2e.core.internal.embedder.MavenExecutionContext.execute(MavenExecutionContext.java:278)
	at org.eclipse.m2e.core.internal.embedder.MavenImpl.resolve(MavenImpl.java:509)
	at org.eclipse.m2e.core.internal.embedder.MavenImpl.resolve(MavenImpl.java:494)
	at org.eclipse.m2e.jdt.internal.DownloadSourcesJob.download(DownloadSourcesJob.java:308)
	at org.eclipse.m2e.jdt.internal.DownloadSourcesJob.downloadAttachments(DownloadSourcesJob.java:282)
	at org.eclipse.m2e.jdt.internal.DownloadSourcesJob.downloadMaven(DownloadSourcesJob.java:252)
	at org.eclipse.m2e.jdt.internal.DownloadSourcesJob.downloadFilesAndPopulateToUpdate(DownloadSourcesJob.java:220)
	at org.eclipse.m2e.jdt.internal.DownloadSourcesJob.lambda$0(DownloadSourcesJob.java:149)
	at org.eclipse.m2e.core.internal.embedder.MavenExecutionContext.executeBare(MavenExecutionContext.java:458)
	at org.eclipse.m2e.core.internal.embedder.MavenExecutionContext.execute(MavenExecutionContext.java:339)
	at org.eclipse.m2e.core.internal.embedder.MavenExecutionContext.execute(MavenExecutionContext.java:278)
	at org.eclipse.m2e.core.embedder.IMaven.execute(IMaven.java:300)
	at org.eclipse.m2e.jdt.internal.DownloadSourcesJob.run(DownloadSourcesJob.java:149)
	at org.eclipse.core.internal.jobs.Worker.run(Worker.java:63)
2024-03-30 00:06:57,809 [Worker-12: Download sources and javadoc] INFO  o.e.m.c.i.e.AbstractTransferListenerAdapter - Downloading https://repo.maven.apache.org/maven2/net/bytebuddy/byte-buddy-agent/1.11.13/byte-buddy-agent-1.11.13-sources.jar
2024-03-30 00:06:57,968 [Worker-12: Download sources and javadoc] INFO  o.e.m.c.i.e.AbstractTransferListenerAdapter - Downloaded https://repo.maven.apache.org/maven2/net/bytebuddy/byte-buddy-agent/1.11.13/byte-buddy-agent-1.11.13-sources.jar
2024-03-30 00:06:57,970 [Worker-12: Download sources and javadoc] INFO  o.e.m.j.internal.DownloadSourcesJob - Downloaded sources for net.bytebuddy:byte-buddy-agent:1.11.13
2024-03-30 00:06:58,183 [Worker-12: Download sources and javadoc] INFO  o.e.m.c.i.e.AbstractTransferListenerAdapter - Downloading https://repo.maven.apache.org/maven2/org/objenesis/objenesis/3.2/objenesis-3.2-sources.jar
2024-03-30 00:06:58,249 [Worker-12: Download sources and javadoc] INFO  o.e.m.c.i.e.AbstractTransferListenerAdapter - Downloaded https://repo.maven.apache.org/maven2/org/objenesis/objenesis/3.2/objenesis-3.2-sources.jar
2024-03-30 00:06:58,251 [Worker-12: Download sources and javadoc] INFO  o.e.m.j.internal.DownloadSourcesJob - Downloaded sources for org.objenesis:objenesis:3.2
2024-03-30 00:06:58,483 [Worker-12: Download sources and javadoc] INFO  o.e.m.c.i.e.AbstractTransferListenerAdapter - Downloading https://repo.maven.apache.org/maven2/org/junit/jupiter/junit-jupiter-api/5.8.1/junit-jupiter-api-5.8.1-sources.jar
2024-03-30 00:06:58,629 [Worker-12: Download sources and javadoc] INFO  o.e.m.c.i.e.AbstractTransferListenerAdapter - Downloaded https://repo.maven.apache.org/maven2/org/junit/jupiter/junit-jupiter-api/5.8.1/junit-jupiter-api-5.8.1-sources.jar
2024-03-30 00:06:58,632 [Worker-12: Download sources and javadoc] ERROR o.e.m.j.internal.DownloadSourcesJob - Could not download sources for org.junit.jupiter:junit-jupiter-api:5.8.1
org.eclipse.core.runtime.CoreException: Could not resolve artifact org.junit.jupiter:junit-jupiter-api:jar:sources:5.8.1
	at org.eclipse.m2e.core.internal.embedder.MavenImpl.lambda$7(MavenImpl.java:540)
	at org.eclipse.m2e.core.internal.embedder.MavenExecutionContext.executeBare(MavenExecutionContext.java:458)
	at org.eclipse.m2e.core.internal.embedder.MavenExecutionContext.execute(MavenExecutionContext.java:292)
	at org.eclipse.m2e.core.internal.embedder.MavenExecutionContext.execute(MavenExecutionContext.java:278)
	at org.eclipse.m2e.core.internal.embedder.MavenImpl.resolve(MavenImpl.java:509)
	at org.eclipse.m2e.core.internal.embedder.MavenImpl.resolve(MavenImpl.java:494)
	at org.eclipse.m2e.jdt.internal.DownloadSourcesJob.download(DownloadSourcesJob.java:308)
	at org.eclipse.m2e.jdt.internal.DownloadSourcesJob.downloadAttachments(DownloadSourcesJob.java:282)
	at org.eclipse.m2e.jdt.internal.DownloadSourcesJob.downloadMaven(DownloadSourcesJob.java:252)
	at org.eclipse.m2e.jdt.internal.DownloadSourcesJob.downloadFilesAndPopulateToUpdate(DownloadSourcesJob.java:220)
	at org.eclipse.m2e.jdt.internal.DownloadSourcesJob.lambda$0(DownloadSourcesJob.java:149)
	at org.eclipse.m2e.core.internal.embedder.MavenExecutionContext.executeBare(MavenExecutionContext.java:458)
	at org.eclipse.m2e.core.internal.embedder.MavenExecutionContext.execute(MavenExecutionContext.java:339)
	at org.eclipse.m2e.core.internal.embedder.MavenExecutionContext.execute(MavenExecutionContext.java:278)
	at org.eclipse.m2e.core.embedder.IMaven.execute(IMaven.java:300)
	at org.eclipse.m2e.jdt.internal.DownloadSourcesJob.run(DownloadSourcesJob.java:149)
	at org.eclipse.core.internal.jobs.Worker.run(Worker.java:63)
2024-03-30 00:06:58,897 [Worker-12: Download sources and javadoc] INFO  o.e.m.c.i.e.AbstractTransferListenerAdapter - Downloading https://repo.maven.apache.org/maven2/org/opentest4j/opentest4j/1.2.0/opentest4j-1.2.0-sources.jar
2024-03-30 00:06:58,905 [Worker-12: Download sources and javadoc] INFO  o.e.m.c.i.e.AbstractTransferListenerAdapter - Downloaded https://repo.maven.apache.org/maven2/org/opentest4j/opentest4j/1.2.0/opentest4j-1.2.0-sources.jar
2024-03-30 00:06:58,907 [Worker-12: Download sources and javadoc] INFO  o.e.m.j.internal.DownloadSourcesJob - Downloaded sources for org.opentest4j:opentest4j:1.2.0
2024-03-30 00:06:59,123 [Worker-12: Download sources and javadoc] INFO  o.e.m.c.i.e.AbstractTransferListenerAdapter - Downloading https://repo.maven.apache.org/maven2/org/junit/platform/junit-platform-commons/1.8.1/junit-platform-commons-1.8.1-sources.jar
2024-03-30 00:06:59,212 [Worker-12: Download sources and javadoc] INFO  o.e.m.c.i.e.AbstractTransferListenerAdapter - Downloaded https://repo.maven.apache.org/maven2/org/junit/platform/junit-platform-commons/1.8.1/junit-platform-commons-1.8.1-sources.jar
2024-03-30 00:06:59,215 [Worker-12: Download sources and javadoc] INFO  o.e.m.j.internal.DownloadSourcesJob - Downloaded sources for org.junit.platform:junit-platform-commons:1.8.1
2024-03-30 00:07:03,409 [Worker-4: Building] INFO  o.e.m.c.i.l.LifecycleMappingFactory - Using org.eclipse.m2e.jdt.JarLifecycleMapping lifecycle mapping for MavenProject: com.app.lokesh:mockito_example:1.0-SNAPSHOT @ E:\sts_workspace\mockito_tool\mockito_example\pom.xml.
2024-03-30 00:07:03,500 [Worker-4: Building] WARN  o.a.m.s.f.DefaultMavenResourcesFiltering - Using platform encoding (UTF-8 actually) to copy filtered resources, i.e. build is platform dependent!
2024-03-30 00:07:03,502 [Worker-4: Building] INFO  o.a.m.s.f.DefaultMavenResourcesFiltering - Copying 0 resource from src\main\resources to target\classes
2024-03-30 00:07:03,504 [Worker-4: Building] WARN  o.a.m.s.f.DefaultMavenResourcesFiltering - Using platform encoding (UTF-8 actually) to copy filtered resources, i.e. build is platform dependent!
2024-03-30 00:07:03,505 [Worker-4: Building] INFO  o.a.m.s.f.DefaultMavenResourcesFiltering - Copying 0 resource from src\test\resources to target\test-classes
2024-03-30 00:07:04,677 [Worker-10: Download sources and javadoc] INFO  o.e.m.c.i.e.AbstractTransferListenerAdapter - Downloading https://repo.maven.apache.org/maven2/net/bytebuddy/byte-buddy/1.11.13/byte-buddy-1.11.13-javadoc.jar
2024-03-30 00:07:05,665 [Worker-10: Download sources and javadoc] INFO  o.e.m.c.i.e.AbstractTransferListenerAdapter - Downloaded https://repo.maven.apache.org/maven2/net/bytebuddy/byte-buddy/1.11.13/byte-buddy-1.11.13-javadoc.jar
2024-03-30 00:07:05,666 [Worker-10: Download sources and javadoc] ERROR o.e.m.j.internal.DownloadSourcesJob - Could not download javadoc for net.bytebuddy:byte-buddy:1.11.13
org.eclipse.core.runtime.CoreException: Could not resolve artifact net.bytebuddy:byte-buddy:jar:javadoc:1.11.13
	at org.eclipse.m2e.core.internal.embedder.MavenImpl.lambda$7(MavenImpl.java:540)
	at org.eclipse.m2e.core.internal.embedder.MavenExecutionContext.executeBare(MavenExecutionContext.java:458)
	at org.eclipse.m2e.core.internal.embedder.MavenExecutionContext.execute(MavenExecutionContext.java:292)
	at org.eclipse.m2e.core.internal.embedder.MavenExecutionContext.execute(MavenExecutionContext.java:278)
	at org.eclipse.m2e.core.internal.embedder.MavenImpl.resolve(MavenImpl.java:509)
	at org.eclipse.m2e.core.internal.embedder.MavenImpl.resolve(MavenImpl.java:494)
	at org.eclipse.m2e.jdt.internal.DownloadSourcesJob.download(DownloadSourcesJob.java:308)
	at org.eclipse.m2e.jdt.internal.DownloadSourcesJob.downloadAttachments(DownloadSourcesJob.java:294)
	at org.eclipse.m2e.jdt.internal.DownloadSourcesJob.downloadMaven(DownloadSourcesJob.java:252)
	at org.eclipse.m2e.jdt.internal.DownloadSourcesJob.downloadFilesAndPopulateToUpdate(DownloadSourcesJob.java:220)
	at org.eclipse.m2e.jdt.internal.DownloadSourcesJob.lambda$0(DownloadSourcesJob.java:149)
	at org.eclipse.m2e.core.internal.embedder.MavenExecutionContext.executeBare(MavenExecutionContext.java:458)
	at org.eclipse.m2e.core.internal.embedder.MavenExecutionContext.execute(MavenExecutionContext.java:339)
	at org.eclipse.m2e.core.internal.embedder.MavenExecutionContext.execute(MavenExecutionContext.java:278)
	at org.eclipse.m2e.core.embedder.IMaven.execute(IMaven.java:300)
	at org.eclipse.m2e.jdt.internal.DownloadSourcesJob.run(DownloadSourcesJob.java:149)
	at org.eclipse.core.internal.jobs.Worker.run(Worker.java:63)
2024-03-30 00:07:05,972 [Worker-10: Download sources and javadoc] INFO  o.e.m.c.i.e.AbstractTransferListenerAdapter - Downloading https://repo.maven.apache.org/maven2/org/junit/jupiter/junit-jupiter-api/5.8.1/junit-jupiter-api-5.8.1-javadoc.jar
2024-03-30 00:07:06,192 [Worker-10: Download sources and javadoc] INFO  o.e.m.c.i.e.AbstractTransferListenerAdapter - Downloaded https://repo.maven.apache.org/maven2/org/junit/jupiter/junit-jupiter-api/5.8.1/junit-jupiter-api-5.8.1-javadoc.jar
2024-03-30 00:07:06,194 [Worker-10: Download sources and javadoc] ERROR o.e.m.j.internal.DownloadSourcesJob - Could not download javadoc for org.junit.jupiter:junit-jupiter-api:5.8.1
org.eclipse.core.runtime.CoreException: Could not resolve artifact org.junit.jupiter:junit-jupiter-api:jar:javadoc:5.8.1
	at org.eclipse.m2e.core.internal.embedder.MavenImpl.lambda$7(MavenImpl.java:540)
	at org.eclipse.m2e.core.internal.embedder.MavenExecutionContext.executeBare(MavenExecutionContext.java:458)
	at org.eclipse.m2e.core.internal.embedder.MavenExecutionContext.execute(MavenExecutionContext.java:292)
	at org.eclipse.m2e.core.internal.embedder.MavenExecutionContext.execute(MavenExecutionContext.java:278)
	at org.eclipse.m2e.core.internal.embedder.MavenImpl.resolve(MavenImpl.java:509)
	at org.eclipse.m2e.core.internal.embedder.MavenImpl.resolve(MavenImpl.java:494)
	at org.eclipse.m2e.jdt.internal.DownloadSourcesJob.download(DownloadSourcesJob.java:308)
	at org.eclipse.m2e.jdt.internal.DownloadSourcesJob.downloadAttachments(DownloadSourcesJob.java:294)
	at org.eclipse.m2e.jdt.internal.DownloadSourcesJob.downloadMaven(DownloadSourcesJob.java:252)
	at org.eclipse.m2e.jdt.internal.DownloadSourcesJob.downloadFilesAndPopulateToUpdate(DownloadSourcesJob.java:220)
	at org.eclipse.m2e.jdt.internal.DownloadSourcesJob.lambda$0(DownloadSourcesJob.java:149)
	at org.eclipse.m2e.core.internal.embedder.MavenExecutionContext.executeBare(MavenExecutionContext.java:458)
	at org.eclipse.m2e.core.internal.embedder.MavenExecutionContext.execute(MavenExecutionContext.java:339)
	at org.eclipse.m2e.core.internal.embedder.MavenExecutionContext.execute(MavenExecutionContext.java:278)
	at org.eclipse.m2e.core.embedder.IMaven.execute(IMaven.java:300)
	at org.eclipse.m2e.jdt.internal.DownloadSourcesJob.run(DownloadSourcesJob.java:149)
	at org.eclipse.core.internal.jobs.Worker.run(Worker.java:63)
2024-03-30 00:07:06,743 [Worker-6: Building] INFO  o.e.m.c.i.l.LifecycleMappingFactory - Using org.eclipse.m2e.jdt.JarLifecycleMapping lifecycle mapping for MavenProject: com.app.lokesh:mockito_example:1.0-SNAPSHOT @ E:\sts_workspace\mockito_tool\mockito_example\pom.xml.
2024-03-30 00:07:06,828 [Worker-6: Building] WARN  o.a.m.s.f.DefaultMavenResourcesFiltering - Using platform encoding (UTF-8 actually) to copy filtered resources, i.e. build is platform dependent!
2024-03-30 00:07:06,830 [Worker-6: Building] INFO  o.a.m.s.f.DefaultMavenResourcesFiltering - Copying 0 resource from src\main\resources to target\classes
2024-03-30 00:07:06,832 [Worker-6: Building] WARN  o.a.m.s.f.DefaultMavenResourcesFiltering - Using platform encoding (UTF-8 actually) to copy filtered resources, i.e. build is platform dependent!
2024-03-30 00:07:06,833 [Worker-6: Building] INFO  o.a.m.s.f.DefaultMavenResourcesFiltering - Copying 0 resource from src\test\resources to target\test-classes
2024-03-30 00:07:29,541 [Worker-12: Download sources and javadoc] INFO  o.e.m.j.internal.DownloadSourcesJob - Downloaded sources for org.mockito:mockito-core:3.12.4
2024-03-30 00:07:29,958 [Worker-12: Download sources and javadoc] INFO  o.e.m.c.i.e.AbstractTransferListenerAdapter - Downloading https://repo.maven.apache.org/maven2/org/mockito/mockito-core/3.12.4/mockito-core-3.12.4-javadoc.jar
2024-03-30 00:07:30,237 [Worker-12: Download sources and javadoc] INFO  o.e.m.c.i.e.AbstractTransferListenerAdapter - Downloaded https://repo.maven.apache.org/maven2/org/mockito/mockito-core/3.12.4/mockito-core-3.12.4-javadoc.jar
2024-03-30 00:07:30,239 [Worker-12: Download sources and javadoc] ERROR o.e.m.j.internal.DownloadSourcesJob - Could not download javadoc for org.mockito:mockito-core:3.12.4
org.eclipse.core.runtime.CoreException: Could not resolve artifact org.mockito:mockito-core:jar:javadoc:3.12.4
	at org.eclipse.m2e.core.internal.embedder.MavenImpl.lambda$7(MavenImpl.java:540)
	at org.eclipse.m2e.core.internal.embedder.MavenExecutionContext.executeBare(MavenExecutionContext.java:458)
	at org.eclipse.m2e.core.internal.embedder.MavenExecutionContext.execute(MavenExecutionContext.java:292)
	at org.eclipse.m2e.core.internal.embedder.MavenExecutionContext.execute(MavenExecutionContext.java:278)
	at org.eclipse.m2e.core.internal.embedder.MavenImpl.resolve(MavenImpl.java:509)
	at org.eclipse.m2e.core.internal.embedder.MavenImpl.resolve(MavenImpl.java:494)
	at org.eclipse.m2e.jdt.internal.DownloadSourcesJob.download(DownloadSourcesJob.java:308)
	at org.eclipse.m2e.jdt.internal.DownloadSourcesJob.downloadAttachments(DownloadSourcesJob.java:294)
	at org.eclipse.m2e.jdt.internal.DownloadSourcesJob.downloadMaven(DownloadSourcesJob.java:252)
	at org.eclipse.m2e.jdt.internal.DownloadSourcesJob.downloadFilesAndPopulateToUpdate(DownloadSourcesJob.java:220)
	at org.eclipse.m2e.jdt.internal.DownloadSourcesJob.lambda$0(DownloadSourcesJob.java:149)
	at org.eclipse.m2e.core.internal.embedder.MavenExecutionContext.executeBare(MavenExecutionContext.java:458)
	at org.eclipse.m2e.core.internal.embedder.MavenExecutionContext.execute(MavenExecutionContext.java:339)
	at org.eclipse.m2e.core.internal.embedder.MavenExecutionContext.execute(MavenExecutionContext.java:278)
	at org.eclipse.m2e.core.embedder.IMaven.execute(IMaven.java:300)
	at org.eclipse.m2e.jdt.internal.DownloadSourcesJob.run(DownloadSourcesJob.java:149)
	at org.eclipse.core.internal.jobs.Worker.run(Worker.java:63)
2024-03-30 00:07:30,242 [Worker-12: Download sources and javadoc] INFO  o.e.m.j.internal.DownloadSourcesJob - Downloaded sources for net.bytebuddy:byte-buddy-agent:1.11.13
2024-03-30 00:07:30,530 [Worker-12: Download sources and javadoc] INFO  o.e.m.c.i.e.AbstractTransferListenerAdapter - Downloading https://repo.maven.apache.org/maven2/net/bytebuddy/byte-buddy-agent/1.11.13/byte-buddy-agent-1.11.13-javadoc.jar
2024-03-30 00:07:30,779 [Worker-12: Download sources and javadoc] INFO  o.e.m.c.i.e.AbstractTransferListenerAdapter - Downloaded https://repo.maven.apache.org/maven2/net/bytebuddy/byte-buddy-agent/1.11.13/byte-buddy-agent-1.11.13-javadoc.jar
2024-03-30 00:07:30,782 [Worker-12: Download sources and javadoc] INFO  o.e.m.j.internal.DownloadSourcesJob - Downloaded javadoc for net.bytebuddy:byte-buddy-agent:1.11.13
2024-03-30 00:07:30,784 [Worker-12: Download sources and javadoc] INFO  o.e.m.j.internal.DownloadSourcesJob - Downloaded sources for org.objenesis:objenesis:3.2
2024-03-30 00:07:31,039 [Worker-12: Download sources and javadoc] INFO  o.e.m.c.i.e.AbstractTransferListenerAdapter - Downloading https://repo.maven.apache.org/maven2/org/objenesis/objenesis/3.2/objenesis-3.2-javadoc.jar
2024-03-30 00:07:31,261 [Worker-12: Download sources and javadoc] INFO  o.e.m.c.i.e.AbstractTransferListenerAdapter - Downloaded https://repo.maven.apache.org/maven2/org/objenesis/objenesis/3.2/objenesis-3.2-javadoc.jar
2024-03-30 00:07:31,263 [Worker-12: Download sources and javadoc] INFO  o.e.m.j.internal.DownloadSourcesJob - Downloaded javadoc for org.objenesis:objenesis:3.2
2024-03-30 00:07:31,265 [Worker-12: Download sources and javadoc] INFO  o.e.m.j.internal.DownloadSourcesJob - Downloaded sources for org.opentest4j:opentest4j:1.2.0
2024-03-30 00:07:31,501 [Worker-12: Download sources and javadoc] INFO  o.e.m.c.i.e.AbstractTransferListenerAdapter - Downloading https://repo.maven.apache.org/maven2/org/opentest4j/opentest4j/1.2.0/opentest4j-1.2.0-javadoc.jar
2024-03-30 00:07:31,653 [Worker-12: Download sources and javadoc] INFO  o.e.m.c.i.e.AbstractTransferListenerAdapter - Downloaded https://repo.maven.apache.org/maven2/org/opentest4j/opentest4j/1.2.0/opentest4j-1.2.0-javadoc.jar
2024-03-30 00:07:31,655 [Worker-12: Download sources and javadoc] ERROR o.e.m.j.internal.DownloadSourcesJob - Could not download javadoc for org.opentest4j:opentest4j:1.2.0
org.eclipse.core.runtime.CoreException: Could not resolve artifact org.opentest4j:opentest4j:jar:javadoc:1.2.0
	at org.eclipse.m2e.core.internal.embedder.MavenImpl.lambda$7(MavenImpl.java:540)
	at org.eclipse.m2e.core.internal.embedder.MavenExecutionContext.executeBare(MavenExecutionContext.java:458)
	at org.eclipse.m2e.core.internal.embedder.MavenExecutionContext.execute(MavenExecutionContext.java:292)
	at org.eclipse.m2e.core.internal.embedder.MavenExecutionContext.execute(MavenExecutionContext.java:278)
	at org.eclipse.m2e.core.internal.embedder.MavenImpl.resolve(MavenImpl.java:509)
	at org.eclipse.m2e.core.internal.embedder.MavenImpl.resolve(MavenImpl.java:494)
	at org.eclipse.m2e.jdt.internal.DownloadSourcesJob.download(DownloadSourcesJob.java:308)
	at org.eclipse.m2e.jdt.internal.DownloadSourcesJob.downloadAttachments(DownloadSourcesJob.java:294)
	at org.eclipse.m2e.jdt.internal.DownloadSourcesJob.downloadMaven(DownloadSourcesJob.java:252)
	at org.eclipse.m2e.jdt.internal.DownloadSourcesJob.downloadFilesAndPopulateToUpdate(DownloadSourcesJob.java:220)
	at org.eclipse.m2e.jdt.internal.DownloadSourcesJob.lambda$0(DownloadSourcesJob.java:149)
	at org.eclipse.m2e.core.internal.embedder.MavenExecutionContext.executeBare(MavenExecutionContext.java:458)
	at org.eclipse.m2e.core.internal.embedder.MavenExecutionContext.execute(MavenExecutionContext.java:339)
	at org.eclipse.m2e.core.internal.embedder.MavenExecutionContext.execute(MavenExecutionContext.java:278)
	at org.eclipse.m2e.core.embedder.IMaven.execute(IMaven.java:300)
	at org.eclipse.m2e.jdt.internal.DownloadSourcesJob.run(DownloadSourcesJob.java:149)
	at org.eclipse.core.internal.jobs.Worker.run(Worker.java:63)
2024-03-30 00:07:31,658 [Worker-12: Download sources and javadoc] INFO  o.e.m.j.internal.DownloadSourcesJob - Downloaded sources for org.junit.platform:junit-platform-commons:1.8.1
2024-03-30 00:07:32,011 [Worker-12: Download sources and javadoc] INFO  o.e.m.c.i.e.AbstractTransferListenerAdapter - Downloading https://repo.maven.apache.org/maven2/org/junit/platform/junit-platform-commons/1.8.1/junit-platform-commons-1.8.1-javadoc.jar
2024-03-30 00:07:32,244 [Worker-12: Download sources and javadoc] INFO  o.e.m.c.i.e.AbstractTransferListenerAdapter - Downloaded https://repo.maven.apache.org/maven2/org/junit/platform/junit-platform-commons/1.8.1/junit-platform-commons-1.8.1-javadoc.jar
2024-03-30 00:07:32,246 [Worker-12: Download sources and javadoc] INFO  o.e.m.j.internal.DownloadSourcesJob - Downloaded javadoc for org.junit.platform:junit-platform-commons:1.8.1
2024-03-30 00:07:32,248 [Worker-12: Download sources and javadoc] INFO  o.e.m.j.internal.DownloadSourcesJob - Downloaded sources for org.apiguardian:apiguardian-api:1.1.2
2024-03-30 00:07:32,249 [Worker-12: Download sources and javadoc] INFO  o.e.m.j.internal.DownloadSourcesJob - Downloaded javadoc for org.apiguardian:apiguardian-api:1.1.2
2024-03-30 00:07:54,312 [Worker-1: Updating Maven Project] INFO  o.e.m.c.i.p.ProjectConfigurationManager - Update started
2024-03-30 00:07:54,407 [Worker-1: Updating Maven Project] INFO  o.e.m.c.i.l.LifecycleMappingFactory - Using org.eclipse.m2e.jdt.JarLifecycleMapping lifecycle mapping for MavenProject: com.app.lokesh:mockito_example:1.0-SNAPSHOT @ E:\sts_workspace\mockito_tool\mockito_example\pom.xml.
2024-03-30 00:07:54,689 [Worker-1: Updating Maven Project] INFO  o.e.m.c.i.e.AbstractTransferListenerAdapter - Downloading https://repo.maven.apache.org/maven2/net/bytebuddy/byte-buddy/1.11.13/byte-buddy-1.11.13.jar
2024-03-30 00:07:55,049 [Worker-1: Updating Maven Project] INFO  o.e.m.c.i.e.AbstractTransferListenerAdapter - Downloaded https://repo.maven.apache.org/maven2/net/bytebuddy/byte-buddy/1.11.13/byte-buddy-1.11.13.jar
2024-03-30 00:07:55,384 [BasicRepositoryConnector-repo.maven.apache.org-1-0] INFO  o.e.m.c.i.e.AbstractTransferListenerAdapter - Downloading https://repo.maven.apache.org/maven2/org/junit/jupiter/junit-jupiter-api/5.8.1/junit-jupiter-api-5.8.1.jar
2024-03-30 00:07:55,566 [BasicRepositoryConnector-repo.maven.apache.org-1-0] INFO  o.e.m.c.i.e.AbstractTransferListenerAdapter - Downloaded https://repo.maven.apache.org/maven2/org/junit/jupiter/junit-jupiter-api/5.8.1/junit-jupiter-api-5.8.1.jar
2024-03-30 00:07:55,643 [Worker-1: Updating Maven Project] INFO  o.e.m.j.i.AbstractJavaProjectConfigurator - Adding source folder /mockito_example/src/main/java
2024-03-30 00:07:55,643 [Worker-1: Updating Maven Project] INFO  o.e.m.j.i.AbstractJavaProjectConfigurator - Adding resource folder /mockito_example/src/main/resources
2024-03-30 00:07:55,644 [Worker-1: Updating Maven Project] INFO  o.e.m.j.i.AbstractJavaProjectConfigurator - Adding source folder /mockito_example/src/test/java
2024-03-30 00:07:55,644 [Worker-1: Updating Maven Project] INFO  o.e.m.j.i.AbstractJavaProjectConfigurator - Adding resource folder /mockito_example/src/test/resources
2024-03-30 00:07:55,644 [Worker-1: Updating Maven Project] ERROR o.e.m.j.i.AbstractJavaProjectConfigurator - Failed to find a compatible VM for environment id 'JavaSE-1.8', falling back to workspace default
2024-03-30 00:07:55,715 [Worker-1: Updating Maven Project] INFO  o.e.m.c.i.p.ProjectConfigurationManager - Update completed for 1 poms: local refresh takes 0.00 sec, refresh facades takes 1.00 sec, update config takes 0.00 sec 
2024-03-30 00:07:55,829 [Worker-4: Building] WARN  o.a.m.s.f.DefaultMavenResourcesFiltering - Using platform encoding (UTF-8 actually) to copy filtered resources, i.e. build is platform dependent!
2024-03-30 00:07:55,830 [Worker-4: Building] INFO  o.a.m.s.f.DefaultMavenResourcesFiltering - Copying 0 resource from src\main\resources to target\classes
2024-03-30 00:07:55,833 [Worker-4: Building] WARN  o.a.m.s.f.DefaultMavenResourcesFiltering - Using platform encoding (UTF-8 actually) to copy filtered resources, i.e. build is platform dependent!
2024-03-30 00:07:55,833 [Worker-4: Building] INFO  o.a.m.s.f.DefaultMavenResourcesFiltering - Copying 0 resource from src\test\resources to target\test-classes
2024-03-30 00:08:14,204 [Worker-8: Building] INFO  o.e.m.c.i.l.LifecycleMappingFactory - Using org.eclipse.m2e.jdt.JarLifecycleMapping lifecycle mapping for MavenProject: com.app.lokesh:mockito_example:1.0-SNAPSHOT @ E:\sts_workspace\mockito_tool\mockito_example\pom.xml.
2024-03-30 00:08:14,499 [Worker-8: Building] INFO  o.e.m.c.i.e.AbstractTransferListenerAdapter - Downloading https://repo.maven.apache.org/maven2/net/bytebuddy/byte-buddy/1.11.13/byte-buddy-1.11.13.jar
2024-03-30 00:08:14,717 [Worker-8: Building] INFO  o.e.m.c.i.e.AbstractTransferListenerAdapter - Downloaded https://repo.maven.apache.org/maven2/net/bytebuddy/byte-buddy/1.11.13/byte-buddy-1.11.13.jar
2024-03-30 00:08:14,778 [Worker-8: Building] WARN  o.a.m.s.f.DefaultMavenResourcesFiltering - Using platform encoding (UTF-8 actually) to copy filtered resources, i.e. build is platform dependent!
2024-03-30 00:08:14,779 [Worker-8: Building] INFO  o.a.m.s.f.DefaultMavenResourcesFiltering - Copying 0 resource from src\main\resources to target\classes
2024-03-30 00:08:14,781 [Worker-8: Building] WARN  o.a.m.s.f.DefaultMavenResourcesFiltering - Using platform encoding (UTF-8 actually) to copy filtered resources, i.e. build is platform dependent!
2024-03-30 00:08:14,782 [Worker-8: Building] INFO  o.a.m.s.f.DefaultMavenResourcesFiltering - Copying 0 resource from src\test\resources to target\test-classes
2024-03-30 00:08:24,756 [Worker-0: Updating Maven Project] INFO  o.e.m.c.i.p.ProjectConfigurationManager - Update started
2024-03-30 00:08:24,832 [Worker-0: Updating Maven Project] INFO  o.e.m.c.i.l.LifecycleMappingFactory - Using org.eclipse.m2e.jdt.JarLifecycleMapping lifecycle mapping for MavenProject: com.app.lokesh:mockito_example:1.0-SNAPSHOT @ E:\sts_workspace\mockito_tool\mockito_example\pom.xml.
2024-03-30 00:08:25,162 [Worker-0: Updating Maven Project] INFO  o.e.m.c.i.e.AbstractTransferListenerAdapter - Downloading https://repo.maven.apache.org/maven2/net/bytebuddy/byte-buddy/1.11.13/byte-buddy-1.11.13.jar
2024-03-30 00:08:25,358 [Worker-0: Updating Maven Project] INFO  o.e.m.c.i.e.AbstractTransferListenerAdapter - Downloaded https://repo.maven.apache.org/maven2/net/bytebuddy/byte-buddy/1.11.13/byte-buddy-1.11.13.jar
2024-03-30 00:08:25,415 [Worker-0: Updating Maven Project] INFO  o.e.m.j.i.AbstractJavaProjectConfigurator - Adding source folder /mockito_example/src/main/java
2024-03-30 00:08:25,416 [Worker-0: Updating Maven Project] INFO  o.e.m.j.i.AbstractJavaProjectConfigurator - Adding resource folder /mockito_example/src/main/resources
2024-03-30 00:08:25,416 [Worker-0: Updating Maven Project] INFO  o.e.m.j.i.AbstractJavaProjectConfigurator - Adding source folder /mockito_example/src/test/java
2024-03-30 00:08:25,417 [Worker-0: Updating Maven Project] INFO  o.e.m.j.i.AbstractJavaProjectConfigurator - Adding resource folder /mockito_example/src/test/resources
2024-03-30 00:08:25,417 [Worker-0: Updating Maven Project] ERROR o.e.m.j.i.AbstractJavaProjectConfigurator - Failed to find a compatible VM for environment id 'JavaSE-1.8', falling back to workspace default
2024-03-30 00:08:25,453 [Worker-0: Updating Maven Project] INFO  o.e.m.c.i.p.ProjectConfigurationManager - Update completed for 1 poms: local refresh takes 0.00 sec, refresh facades takes 0.00 sec, update config takes 0.00 sec 
2024-03-30 00:08:25,615 [Worker-7: Building] WARN  o.a.m.s.f.DefaultMavenResourcesFiltering - Using platform encoding (UTF-8 actually) to copy filtered resources, i.e. build is platform dependent!
2024-03-30 00:08:25,616 [Worker-7: Building] INFO  o.a.m.s.f.DefaultMavenResourcesFiltering - Copying 0 resource from src\main\resources to target\classes
2024-03-30 00:08:25,617 [Worker-7: Building] WARN  o.a.m.s.f.DefaultMavenResourcesFiltering - Using platform encoding (UTF-8 actually) to copy filtered resources, i.e. build is platform dependent!
2024-03-30 00:08:25,618 [Worker-7: Building] INFO  o.a.m.s.f.DefaultMavenResourcesFiltering - Copying 0 resource from src\test\resources to target\test-classes
2024-03-30 00:08:32,424 [Worker-7: Building] INFO  o.e.m.c.i.l.LifecycleMappingFactory - Using org.eclipse.m2e.jdt.JarLifecycleMapping lifecycle mapping for MavenProject: com.app.lokesh:mockito_example:1.0-SNAPSHOT @ E:\sts_workspace\mockito_tool\mockito_example\pom.xml.
2024-03-30 00:08:32,780 [Worker-7: Building] INFO  o.e.m.c.i.e.AbstractTransferListenerAdapter - Downloading https://repo.maven.apache.org/maven2/net/bytebuddy/byte-buddy/1.11.13/byte-buddy-1.11.13.jar
2024-03-30 00:08:33,503 [Worker-7: Building] INFO  o.e.m.c.i.e.AbstractTransferListenerAdapter - Downloaded https://repo.maven.apache.org/maven2/net/bytebuddy/byte-buddy/1.11.13/byte-buddy-1.11.13.jar
2024-03-30 00:08:33,564 [Worker-7: Building] WARN  o.a.m.s.f.DefaultMavenResourcesFiltering - Using platform encoding (UTF-8 actually) to copy filtered resources, i.e. build is platform dependent!
2024-03-30 00:08:33,566 [Worker-7: Building] INFO  o.a.m.s.f.DefaultMavenResourcesFiltering - Copying 0 resource from src\main\resources to target\classes
2024-03-30 00:08:33,568 [Worker-7: Building] WARN  o.a.m.s.f.DefaultMavenResourcesFiltering - Using platform encoding (UTF-8 actually) to copy filtered resources, i.e. build is platform dependent!
2024-03-30 00:08:33,568 [Worker-7: Building] INFO  o.a.m.s.f.DefaultMavenResourcesFiltering - Copying 0 resource from src\test\resources to target\test-classes
2024-03-30 00:08:40,192 [Worker-3: Launching Executing test in E__sts_workspace_mockito_tool_mockito_example] INFO  o.eclipse.m2e.core.internal.Bundles - getClasspathEntries(Bundle=org.eclipse.m2e.maven.runtime_3.9.600.20231203-1234 [828])
2024-03-30 00:08:40,193 [Worker-3: Launching Executing test in E__sts_workspace_mockito_tool_mockito_example] INFO  o.eclipse.m2e.core.internal.Bundles - 	Entry: E:\sts-4.21.1.RELEASE\plugins\org.eclipse.m2e.maven.runtime_3.9.600.20231203-1234
2024-03-30 00:08:40,194 [Worker-3: Launching Executing test in E__sts_workspace_mockito_tool_mockito_example] INFO  o.eclipse.m2e.core.internal.Bundles - 	Entry: E:\sts-4.21.1.RELEASE\plugins\org.eclipse.m2e.maven.runtime_3.9.600.20231203-1234\jars\aopalliance-1.0.jar
2024-03-30 00:08:40,194 [Worker-3: Launching Executing test in E__sts_workspace_mockito_tool_mockito_example] INFO  o.eclipse.m2e.core.internal.Bundles - 	Entry: E:\sts-4.21.1.RELEASE\plugins\org.eclipse.m2e.maven.runtime_3.9.600.20231203-1234\jars\guice-5.1.0.jar
2024-03-30 00:08:40,194 [Worker-3: Launching Executing test in E__sts_workspace_mockito_tool_mockito_example] INFO  o.eclipse.m2e.core.internal.Bundles - 	Entry: E:\sts-4.21.1.RELEASE\plugins\org.eclipse.m2e.maven.runtime_3.9.600.20231203-1234\jars\httpclient-4.5.14.jar
2024-03-30 00:08:40,194 [Worker-3: Launching Executing test in E__sts_workspace_mockito_tool_mockito_example] INFO  o.eclipse.m2e.core.internal.Bundles - 	Entry: E:\sts-4.21.1.RELEASE\plugins\org.eclipse.m2e.maven.runtime_3.9.600.20231203-1234\jars\httpcore-4.4.16.jar
2024-03-30 00:08:40,194 [Worker-3: Launching Executing test in E__sts_workspace_mockito_tool_mockito_example] INFO  o.eclipse.m2e.core.internal.Bundles - 	Entry: E:\sts-4.21.1.RELEASE\plugins\org.eclipse.m2e.maven.runtime_3.9.600.20231203-1234\jars\jansi-2.4.0.jar
2024-03-30 00:08:40,194 [Worker-3: Launching Executing test in E__sts_workspace_mockito_tool_mockito_example] INFO  o.eclipse.m2e.core.internal.Bundles - 	Entry: E:\sts-4.21.1.RELEASE\plugins\org.eclipse.m2e.maven.runtime_3.9.600.20231203-1234\jars\jcl-over-slf4j-1.7.36.jar
2024-03-30 00:08:40,194 [Worker-3: Launching Executing test in E__sts_workspace_mockito_tool_mockito_example] INFO  o.eclipse.m2e.core.internal.Bundles - 	Entry: E:\sts-4.21.1.RELEASE\plugins\org.eclipse.m2e.maven.runtime_3.9.600.20231203-1234\jars\maven-artifact-3.9.6.jar
2024-03-30 00:08:40,194 [Worker-3: Launching Executing test in E__sts_workspace_mockito_tool_mockito_example] INFO  o.eclipse.m2e.core.internal.Bundles - 	Entry: E:\sts-4.21.1.RELEASE\plugins\org.eclipse.m2e.maven.runtime_3.9.600.20231203-1234\jars\maven-builder-support-3.9.6.jar
2024-03-30 00:08:40,194 [Worker-3: Launching Executing test in E__sts_workspace_mockito_tool_mockito_example] INFO  o.eclipse.m2e.core.internal.Bundles - 	Entry: E:\sts-4.21.1.RELEASE\plugins\org.eclipse.m2e.maven.runtime_3.9.600.20231203-1234\jars\maven-compat-3.9.6.jar
2024-03-30 00:08:40,194 [Worker-3: Launching Executing test in E__sts_workspace_mockito_tool_mockito_example] INFO  o.eclipse.m2e.core.internal.Bundles - 	Entry: E:\sts-4.21.1.RELEASE\plugins\org.eclipse.m2e.maven.runtime_3.9.600.20231203-1234\jars\maven-core-3.9.6.jar
2024-03-30 00:08:40,194 [Worker-3: Launching Executing test in E__sts_workspace_mockito_tool_mockito_example] INFO  o.eclipse.m2e.core.internal.Bundles - 	Entry: E:\sts-4.21.1.RELEASE\plugins\org.eclipse.m2e.maven.runtime_3.9.600.20231203-1234\jars\maven-embedder-3.9.6.jar
2024-03-30 00:08:40,194 [Worker-3: Launching Executing test in E__sts_workspace_mockito_tool_mockito_example] INFO  o.eclipse.m2e.core.internal.Bundles - 	Entry: E:\sts-4.21.1.RELEASE\plugins\org.eclipse.m2e.maven.runtime_3.9.600.20231203-1234\jars\maven-model-3.9.6.jar
2024-03-30 00:08:40,194 [Worker-3: Launching Executing test in E__sts_workspace_mockito_tool_mockito_example] INFO  o.eclipse.m2e.core.internal.Bundles - 	Entry: E:\sts-4.21.1.RELEASE\plugins\org.eclipse.m2e.maven.runtime_3.9.600.20231203-1234\jars\maven-model-builder-3.9.6.jar
2024-03-30 00:08:40,194 [Worker-3: Launching Executing test in E__sts_workspace_mockito_tool_mockito_example] INFO  o.eclipse.m2e.core.internal.Bundles - 	Entry: E:\sts-4.21.1.RELEASE\plugins\org.eclipse.m2e.maven.runtime_3.9.600.20231203-1234\jars\maven-plugin-api-3.9.6.jar
2024-03-30 00:08:40,194 [Worker-3: Launching Executing test in E__sts_workspace_mockito_tool_mockito_example] INFO  o.eclipse.m2e.core.internal.Bundles - 	Entry: E:\sts-4.21.1.RELEASE\plugins\org.eclipse.m2e.maven.runtime_3.9.600.20231203-1234\jars\maven-repository-metadata-3.9.6.jar
2024-03-30 00:08:40,194 [Worker-3: Launching Executing test in E__sts_workspace_mockito_tool_mockito_example] INFO  o.eclipse.m2e.core.internal.Bundles - 	Entry: E:\sts-4.21.1.RELEASE\plugins\org.eclipse.m2e.maven.runtime_3.9.600.20231203-1234\jars\maven-resolver-api-1.9.18.jar
2024-03-30 00:08:40,194 [Worker-3: Launching Executing test in E__sts_workspace_mockito_tool_mockito_example] INFO  o.eclipse.m2e.core.internal.Bundles - 	Entry: E:\sts-4.21.1.RELEASE\plugins\org.eclipse.m2e.maven.runtime_3.9.600.20231203-1234\jars\maven-resolver-connector-basic-1.9.18.jar
2024-03-30 00:08:40,194 [Worker-3: Launching Executing test in E__sts_workspace_mockito_tool_mockito_example] INFO  o.eclipse.m2e.core.internal.Bundles - 	Entry: E:\sts-4.21.1.RELEASE\plugins\org.eclipse.m2e.maven.runtime_3.9.600.20231203-1234\jars\maven-resolver-impl-1.9.18.jar
2024-03-30 00:08:40,194 [Worker-3: Launching Executing test in E__sts_workspace_mockito_tool_mockito_example] INFO  o.eclipse.m2e.core.internal.Bundles - 	Entry: E:\sts-4.21.1.RELEASE\plugins\org.eclipse.m2e.maven.runtime_3.9.600.20231203-1234\jars\maven-resolver-named-locks-1.9.18.jar
2024-03-30 00:08:40,194 [Worker-3: Launching Executing test in E__sts_workspace_mockito_tool_mockito_example] INFO  o.eclipse.m2e.core.internal.Bundles - 	Entry: E:\sts-4.21.1.RELEASE\plugins\org.eclipse.m2e.maven.runtime_3.9.600.20231203-1234\jars\maven-resolver-provider-3.9.6.jar
2024-03-30 00:08:40,194 [Worker-3: Launching Executing test in E__sts_workspace_mockito_tool_mockito_example] INFO  o.eclipse.m2e.core.internal.Bundles - 	Entry: E:\sts-4.21.1.RELEASE\plugins\org.eclipse.m2e.maven.runtime_3.9.600.20231203-1234\jars\maven-resolver-spi-1.9.18.jar
2024-03-30 00:08:40,194 [Worker-3: Launching Executing test in E__sts_workspace_mockito_tool_mockito_example] INFO  o.eclipse.m2e.core.internal.Bundles - 	Entry: E:\sts-4.21.1.RELEASE\plugins\org.eclipse.m2e.maven.runtime_3.9.600.20231203-1234\jars\maven-resolver-transport-file-1.9.18.jar
2024-03-30 00:08:40,194 [Worker-3: Launching Executing test in E__sts_workspace_mockito_tool_mockito_example] INFO  o.eclipse.m2e.core.internal.Bundles - 	Entry: E:\sts-4.21.1.RELEASE\plugins\org.eclipse.m2e.maven.runtime_3.9.600.20231203-1234\jars\maven-resolver-transport-http-1.9.18.jar
2024-03-30 00:08:40,194 [Worker-3: Launching Executing test in E__sts_workspace_mockito_tool_mockito_example] INFO  o.eclipse.m2e.core.internal.Bundles - 	Entry: E:\sts-4.21.1.RELEASE\plugins\org.eclipse.m2e.maven.runtime_3.9.600.20231203-1234\jars\maven-resolver-transport-wagon-1.9.18.jar
2024-03-30 00:08:40,194 [Worker-3: Launching Executing test in E__sts_workspace_mockito_tool_mockito_example] INFO  o.eclipse.m2e.core.internal.Bundles - 	Entry: E:\sts-4.21.1.RELEASE\plugins\org.eclipse.m2e.maven.runtime_3.9.600.20231203-1234\jars\maven-resolver-util-1.9.18.jar
2024-03-30 00:08:40,194 [Worker-3: Launching Executing test in E__sts_workspace_mockito_tool_mockito_example] INFO  o.eclipse.m2e.core.internal.Bundles - 	Entry: E:\sts-4.21.1.RELEASE\plugins\org.eclipse.m2e.maven.runtime_3.9.600.20231203-1234\jars\maven-settings-3.9.6.jar
2024-03-30 00:08:40,194 [Worker-3: Launching Executing test in E__sts_workspace_mockito_tool_mockito_example] INFO  o.eclipse.m2e.core.internal.Bundles - 	Entry: E:\sts-4.21.1.RELEASE\plugins\org.eclipse.m2e.maven.runtime_3.9.600.20231203-1234\jars\maven-settings-builder-3.9.6.jar
2024-03-30 00:08:40,195 [Worker-3: Launching Executing test in E__sts_workspace_mockito_tool_mockito_example] INFO  o.eclipse.m2e.core.internal.Bundles - 	Entry: E:\sts-4.21.1.RELEASE\plugins\org.eclipse.m2e.maven.runtime_3.9.600.20231203-1234\jars\maven-shared-utils-3.3.4.jar
2024-03-30 00:08:40,195 [Worker-3: Launching Executing test in E__sts_workspace_mockito_tool_mockito_example] INFO  o.eclipse.m2e.core.internal.Bundles - 	Entry: E:\sts-4.21.1.RELEASE\plugins\org.eclipse.m2e.maven.runtime_3.9.600.20231203-1234\jars\org.eclipse.sisu.inject-0.9.0.M2.jar
2024-03-30 00:08:40,195 [Worker-3: Launching Executing test in E__sts_workspace_mockito_tool_mockito_example] INFO  o.eclipse.m2e.core.internal.Bundles - 	Entry: E:\sts-4.21.1.RELEASE\plugins\org.eclipse.m2e.maven.runtime_3.9.600.20231203-1234\jars\org.eclipse.sisu.plexus-0.9.0.M2.jar
2024-03-30 00:08:40,195 [Worker-3: Launching Executing test in E__sts_workspace_mockito_tool_mockito_example] INFO  o.eclipse.m2e.core.internal.Bundles - 	Entry: E:\sts-4.21.1.RELEASE\plugins\org.eclipse.m2e.maven.runtime_3.9.600.20231203-1234\jars\plexus-build-api-0.0.7.jar
2024-03-30 00:08:40,195 [Worker-3: Launching Executing test in E__sts_workspace_mockito_tool_mockito_example] INFO  o.eclipse.m2e.core.internal.Bundles - 	Entry: E:\sts-4.21.1.RELEASE\plugins\org.eclipse.m2e.maven.runtime_3.9.600.20231203-1234\jars\plexus-cipher-2.0.jar
2024-03-30 00:08:40,195 [Worker-3: Launching Executing test in E__sts_workspace_mockito_tool_mockito_example] INFO  o.eclipse.m2e.core.internal.Bundles - 	Entry: E:\sts-4.21.1.RELEASE\plugins\org.eclipse.m2e.maven.runtime_3.9.600.20231203-1234\jars\plexus-classworlds-2.7.0.jar
2024-03-30 00:08:40,195 [Worker-3: Launching Executing test in E__sts_workspace_mockito_tool_mockito_example] INFO  o.eclipse.m2e.core.internal.Bundles - 	Entry: E:\sts-4.21.1.RELEASE\plugins\org.eclipse.m2e.maven.runtime_3.9.600.20231203-1234\jars\plexus-component-annotations-2.1.0.jar
2024-03-30 00:08:40,195 [Worker-3: Launching Executing test in E__sts_workspace_mockito_tool_mockito_example] INFO  o.eclipse.m2e.core.internal.Bundles - 	Entry: E:\sts-4.21.1.RELEASE\plugins\org.eclipse.m2e.maven.runtime_3.9.600.20231203-1234\jars\plexus-interpolation-1.26.jar
2024-03-30 00:08:40,195 [Worker-3: Launching Executing test in E__sts_workspace_mockito_tool_mockito_example] INFO  o.eclipse.m2e.core.internal.Bundles - 	Entry: E:\sts-4.21.1.RELEASE\plugins\org.eclipse.m2e.maven.runtime_3.9.600.20231203-1234\jars\plexus-sec-dispatcher-2.0.jar
2024-03-30 00:08:40,195 [Worker-3: Launching Executing test in E__sts_workspace_mockito_tool_mockito_example] INFO  o.eclipse.m2e.core.internal.Bundles - 	Entry: E:\sts-4.21.1.RELEASE\plugins\org.eclipse.m2e.maven.runtime_3.9.600.20231203-1234\jars\plexus-utils-3.5.1.jar
2024-03-30 00:08:40,195 [Worker-3: Launching Executing test in E__sts_workspace_mockito_tool_mockito_example] INFO  o.eclipse.m2e.core.internal.Bundles - 	Entry: E:\sts-4.21.1.RELEASE\plugins\org.eclipse.m2e.maven.runtime_3.9.600.20231203-1234\jars\wagon-file-3.5.3.jar
2024-03-30 00:08:40,195 [Worker-3: Launching Executing test in E__sts_workspace_mockito_tool_mockito_example] INFO  o.eclipse.m2e.core.internal.Bundles - 	Entry: E:\sts-4.21.1.RELEASE\plugins\org.eclipse.m2e.maven.runtime_3.9.600.20231203-1234\jars\wagon-http-3.5.3.jar
2024-03-30 00:08:40,195 [Worker-3: Launching Executing test in E__sts_workspace_mockito_tool_mockito_example] INFO  o.eclipse.m2e.core.internal.Bundles - 	Entry: E:\sts-4.21.1.RELEASE\plugins\org.eclipse.m2e.maven.runtime_3.9.600.20231203-1234\jars\wagon-http-shared-3.5.3.jar
2024-03-30 00:08:40,195 [Worker-3: Launching Executing test in E__sts_workspace_mockito_tool_mockito_example] INFO  o.eclipse.m2e.core.internal.Bundles - 	Entry: E:\sts-4.21.1.RELEASE\plugins\org.eclipse.m2e.maven.runtime_3.9.600.20231203-1234\jars\wagon-provider-api-3.5.3.jar
2024-03-30 00:08:40,196 [Worker-3: Launching Executing test in E__sts_workspace_mockito_tool_mockito_example] INFO  o.eclipse.m2e.core.internal.Bundles - getClasspathEntries(Bundle=com.google.guava_33.0.0.jre [25])
2024-03-30 00:08:40,196 [Worker-3: Launching Executing test in E__sts_workspace_mockito_tool_mockito_example] INFO  o.eclipse.m2e.core.internal.Bundles - 	Entry: E:\sts-4.21.1.RELEASE\plugins\com.google.guava_33.0.0.jre.jar
2024-03-30 00:08:40,196 [Worker-3: Launching Executing test in E__sts_workspace_mockito_tool_mockito_example] INFO  o.eclipse.m2e.core.internal.Bundles - getClasspathEntries(Bundle=slf4j.api_2.0.12 [950])
2024-03-30 00:08:40,196 [Worker-3: Launching Executing test in E__sts_workspace_mockito_tool_mockito_example] INFO  o.eclipse.m2e.core.internal.Bundles - 	Entry: E:\sts-4.21.1.RELEASE\plugins\slf4j.api_2.0.12.jar
2024-03-30 00:08:40,196 [Worker-3: Launching Executing test in E__sts_workspace_mockito_tool_mockito_example] INFO  o.eclipse.m2e.core.internal.Bundles - getClasspathEntries(Bundle=jakarta.inject.jakarta.inject-api_1.0.5 [41])
2024-03-30 00:08:40,196 [Worker-3: Launching Executing test in E__sts_workspace_mockito_tool_mockito_example] INFO  o.eclipse.m2e.core.internal.Bundles - 	Entry: E:\sts-4.21.1.RELEASE\plugins\jakarta.inject.jakarta.inject-api_1.0.5.jar
2024-03-30 00:08:40,196 [Worker-3: Launching Executing test in E__sts_workspace_mockito_tool_mockito_example] INFO  o.eclipse.m2e.core.internal.Bundles - getClasspathEntries(Bundle=jakarta.annotation-api_1.3.5 [37])
2024-03-30 00:08:40,196 [Worker-3: Launching Executing test in E__sts_workspace_mockito_tool_mockito_example] INFO  o.eclipse.m2e.core.internal.Bundles - 	Entry: E:\sts-4.21.1.RELEASE\plugins\jakarta.annotation-api_1.3.5.jar
2024-03-30 00:08:40,196 [Worker-3: Launching Executing test in E__sts_workspace_mockito_tool_mockito_example] INFO  o.eclipse.m2e.core.internal.Bundles - getClasspathEntries(Bundle=org.apache.commons.cli_1.6.0 [71])
2024-03-30 00:08:40,196 [Worker-3: Launching Executing test in E__sts_workspace_mockito_tool_mockito_example] INFO  o.eclipse.m2e.core.internal.Bundles - 	Entry: E:\sts-4.21.1.RELEASE\plugins\org.apache.commons.cli_1.6.0.jar
2024-03-30 00:08:40,196 [Worker-3: Launching Executing test in E__sts_workspace_mockito_tool_mockito_example] INFO  o.eclipse.m2e.core.internal.Bundles - getClasspathEntries(Bundle=org.apache.commons.commons-codec_1.16.0 [73])
2024-03-30 00:08:40,196 [Worker-3: Launching Executing test in E__sts_workspace_mockito_tool_mockito_example] INFO  o.eclipse.m2e.core.internal.Bundles - 	Entry: E:\sts-4.21.1.RELEASE\plugins\org.apache.commons.commons-codec_1.16.0.jar
2024-03-30 00:08:40,196 [Worker-3: Launching Executing test in E__sts_workspace_mockito_tool_mockito_example] INFO  o.eclipse.m2e.core.internal.Bundles - getClasspathEntries(Bundle=org.apache.commons.lang3_3.14.0 [616])
2024-03-30 00:08:40,196 [Worker-3: Launching Executing test in E__sts_workspace_mockito_tool_mockito_example] INFO  o.eclipse.m2e.core.internal.Bundles - 	Entry: E:\sts-4.21.1.RELEASE\plugins\org.apache.commons.lang3_3.14.0.jar
2024-03-30 00:08:40,196 [Worker-3: Launching Executing test in E__sts_workspace_mockito_tool_mockito_example] INFO  o.eclipse.m2e.core.internal.Bundles - getClasspathEntries(Bundle=com.google.guava.failureaccess_1.0.2 [27])
2024-03-30 00:08:40,196 [Worker-3: Launching Executing test in E__sts_workspace_mockito_tool_mockito_example] INFO  o.eclipse.m2e.core.internal.Bundles - 	Entry: E:\sts-4.21.1.RELEASE\plugins\com.google.guava.failureaccess_1.0.2.jar
2024-03-30 00:08:40,202 [Worker-3: Launching Executing test in E__sts_workspace_mockito_tool_mockito_example] INFO  o.e.m.i.launch.MavenLaunchDelegate - Run build in "E:\sts_workspace\mockito_tool\mockito_example":
2024-03-30 00:08:40,204 [Worker-3: Launching Executing test in E__sts_workspace_mockito_tool_mockito_example] INFO  o.e.m.i.launch.MavenLaunchDelegate -  mvn  -B -Dstyle.color=always test
2024-03-30 00:09:05,376 [Worker-11: Updating Maven Project] INFO  o.e.m.c.i.p.ProjectConfigurationManager - Update started
2024-03-30 00:09:05,482 [Worker-11: Updating Maven Project] INFO  o.e.m.c.i.l.LifecycleMappingFactory - Using org.eclipse.m2e.jdt.JarLifecycleMapping lifecycle mapping for MavenProject: com.app.lokesh:mockito_example:1.0-SNAPSHOT @ E:\sts_workspace\mockito_tool\mockito_example\pom.xml.
2024-03-30 00:09:06,091 [Worker-11: Updating Maven Project] INFO  o.e.m.c.i.e.AbstractTransferListenerAdapter - Downloading https://repo.maven.apache.org/maven2/net/bytebuddy/byte-buddy/1.11.13/byte-buddy-1.11.13.jar
2024-03-30 00:09:06,314 [Worker-11: Updating Maven Project] INFO  o.e.m.c.i.e.AbstractTransferListenerAdapter - Downloaded https://repo.maven.apache.org/maven2/net/bytebuddy/byte-buddy/1.11.13/byte-buddy-1.11.13.jar
2024-03-30 00:09:06,375 [Worker-11: Updating Maven Project] INFO  o.e.m.j.i.AbstractJavaProjectConfigurator - Adding source folder /mockito_example/src/main/java
2024-03-30 00:09:06,375 [Worker-11: Updating Maven Project] INFO  o.e.m.j.i.AbstractJavaProjectConfigurator - Adding resource folder /mockito_example/src/main/resources
2024-03-30 00:09:06,376 [Worker-11: Updating Maven Project] INFO  o.e.m.j.i.AbstractJavaProjectConfigurator - Adding source folder /mockito_example/src/test/java
2024-03-30 00:09:06,376 [Worker-11: Updating Maven Project] INFO  o.e.m.j.i.AbstractJavaProjectConfigurator - Adding resource folder /mockito_example/src/test/resources
2024-03-30 00:09:06,376 [Worker-11: Updating Maven Project] ERROR o.e.m.j.i.AbstractJavaProjectConfigurator - Failed to find a compatible VM for environment id 'JavaSE-1.8', falling back to workspace default
2024-03-30 00:09:06,413 [Worker-11: Updating Maven Project] INFO  o.e.m.c.i.p.ProjectConfigurationManager - Update completed for 1 poms: local refresh takes 0.00 sec, refresh facades takes 0.00 sec, update config takes 0.00 sec 
2024-03-30 00:09:06,526 [Worker-11: Building] WARN  o.a.m.s.f.DefaultMavenResourcesFiltering - Using platform encoding (UTF-8 actually) to copy filtered resources, i.e. build is platform dependent!
2024-03-30 00:09:06,527 [Worker-11: Building] INFO  o.a.m.s.f.DefaultMavenResourcesFiltering - Copying 0 resource from src\main\resources to target\classes
2024-03-30 00:09:06,529 [Worker-11: Building] WARN  o.a.m.s.f.DefaultMavenResourcesFiltering - Using platform encoding (UTF-8 actually) to copy filtered resources, i.e. build is platform dependent!
2024-03-30 00:09:06,529 [Worker-11: Building] INFO  o.a.m.s.f.DefaultMavenResourcesFiltering - Copying 0 resource from src\test\resources to target\test-classes
